BICePs - Bayesian Inference of Conformational Populations, Version 2.0
Number of CPU's: 4

Accepted 72.6642 %


Accepted [32.4354 30.2784  9.9504] %

...Done.

Accepted 72.2212 %


Accepted [32.455  30.2278  9.5384] %

...Done.

Accepted 72.1399 %


Accepted [32.382  30.2536  9.5043] %

...Done.
Loading trajectory file...
Collecting rest_type...
Collecting allowed_parameters...
Collecting sampled parameters...
Plotting traces...
Done!
Calculating autocorrelation ...
Done!
Calculating autocorrelation ...
Done!
Calculating autocorrelation ...
Done!
Plotting autocorrelation curve ...
Done!
Plotting traces...
Done!
Plotting autocorrelation curve ...
Done!
starting calculating JSDs ...
Done!
plotting JSDs ...
Done
Loading results_ref_normal/traj_lambda0.00.npz ...
Loading results_ref_normal/traj_lambda0.50.npz ...
Loading results_ref_normal/traj_lambda1.00.npz ...
Loading results_ref_normal/sampler_lambda0.00.pkl ...
Loading results_ref_normal/sampler_lambda0.50.pkl ...
Loading results_ref_normal/sampler_lambda1.00.pkl ...
lam = [0.0, 0.5, 1.0]
nstates 100
Writing results_ref_normalBS.dat...
...Done.
Writing results_ref_normalpopulations.dat...
...Done.

python mp_lambdas.py > mp_lambdas_02_25_2020.log  482.36s user 16.13s system 277% cpu 2:59.59 total


